file /Users/Arjun/Desktop/Otherlab/sandbox/SConstruct,line 403:
	Configure(confdir = .sconf_temp)
scons: Configure: checking for boost: 
scons: Configure: ".sconf_temp/conftest_0.cpp" is up to date.
scons: Configure: The original builder output was:
  |.sconf_temp/conftest_0.cpp <-
  |  |#include <boost/version.hpp>
  |  |int main() {
  |  |  return 0;
  |  |}
  |  |
  |
scons: Configure: ".sconf_temp/conftest_0.o" is up to date.
scons: Configure: The original builder output was:
  |clang++ -o .sconf_temp/conftest_0.o -c -march=native -mtune=native -O3 -funroll-loops -Wall -Winit-self -Woverloaded-virtual -Wsign-compare -fno-strict-aliasing -std=c++11 -Werror -Wno-array-bounds -Wno-unknown-pragmas -Wno-deprecated -DNDEBUG -I. -Ibuild/native/release -I. -I/opt/local/include -I/usr/local/include -I/usr/local/include .sconf_temp/conftest_0.cpp
  |
scons: Configure: ".sconf_temp/conftest_0" is up to date.
scons: Configure: The original builder output was:
  |clang++ -o .sconf_temp/conftest_0 .sconf_temp/conftest_0.o -Lbuild/native/release/lib -Llib -L/usr/local/lib -L/usr/local/lib -L/usr/local/lib
  |
scons: Configure: (cached) yes


file /Users/Arjun/Desktop/Otherlab/sandbox/SConstruct,line 403:
	Configure(confdir = .sconf_temp)
scons: Configure: checking for accelerate: 
scons: Configure: ".sconf_temp/conftest_1.cpp" is up to date.
scons: Configure: The original builder output was:
  |.sconf_temp/conftest_1.cpp <-
  |  |#include <Accelerate/Accelerate.h>
  |  |int main() {
  |  |  cblas_dscal(0,1,0,1);
  |  |  return 0;
  |  |}
  |  |
  |
scons: Configure: ".sconf_temp/conftest_1.o" is up to date.
scons: Configure: The original builder output was:
  |clang++ -o .sconf_temp/conftest_1.o -c -march=native -mtune=native -O3 -funroll-loops -Wall -Winit-self -Woverloaded-virtual -Wsign-compare -fno-strict-aliasing -std=c++11 -Werror -Wno-array-bounds -Wno-unknown-pragmas -Wno-deprecated -DNDEBUG -I. -Ibuild/native/release -I. -I/opt/local/include -I/usr/local/include -I/usr/local/include .sconf_temp/conftest_1.cpp
  |
scons: Configure: ".sconf_temp/conftest_1" is up to date.
scons: Configure: The original builder output was:
  |clang++ -o .sconf_temp/conftest_1 .sconf_temp/conftest_1.o -Lbuild/native/release/lib -Llib -L/usr/local/lib -L/usr/local/lib -L/usr/local/lib -framework Accelerate -framework Accelerate
  |
scons: Configure: (cached) yes


file /Users/Arjun/Desktop/Otherlab/sandbox/SConstruct,line 403:
	Configure(confdir = .sconf_temp)
scons: Configure: checking for geode: 
scons: Configure: ".sconf_temp/conftest_2.cpp" is up to date.
scons: Configure: The original builder output was:
  |.sconf_temp/conftest_2.cpp <-
  |  |#include <geode/utility/config.h>
  |  |int main() {
  |  |  return 0;
  |  |}
  |  |
  |
scons: Configure: ".sconf_temp/conftest_2.o" is up to date.
scons: Configure: The original builder output was:
  |clang++ -o .sconf_temp/conftest_2.o -c -march=native -mtune=native -O3 -funroll-loops -Wall -Winit-self -Woverloaded-virtual -Wsign-compare -fno-strict-aliasing -std=c++11 -Werror -Wno-array-bounds -Wno-unknown-pragmas -Wno-deprecated -DNDEBUG -I/usr/local/Cellar/python/2.7.7_2/Frameworks/Python.framework/Versions/2.7/include/python2.7 -I/usr/local/lib/python2.7/site-packages/numpy/core/include -I. -Ibuild/native/release -I. -I/opt/local/include -I/usr/local/include -I/usr/local/include .sconf_temp/conftest_2.cpp
  |
scons: Configure: ".sconf_temp/conftest_2" is up to date.
scons: Configure: The original builder output was:
  |clang++ -o .sconf_temp/conftest_2 -L/usr/local/Cellar/python/2.7.7_2/Frameworks/Python.framework/Versions/2.7/lib/python2.7/config -ldl -framework CoreFoundation -lpython2.7 .sconf_temp/conftest_2.o -Lbuild/native/release/lib -Llib -L/opt/local/lib -L/usr/local/lib -L/usr/local/lib -lgeode -framework Accelerate -framework Accelerate
  |
scons: Configure: (cached) yes


file /Users/Arjun/Desktop/Otherlab/sandbox/SConstruct,line 403:
	Configure(confdir = .sconf_temp)
scons: Configure: checking for boost_link: 
scons: Configure: ".sconf_temp/conftest_3.cpp" is up to date.
scons: Configure: The original builder output was:
  |.sconf_temp/conftest_3.cpp <-
  |  |int main() {
  |  |  return 0;
  |  |}
  |  |
  |
scons: Configure: ".sconf_temp/conftest_3.o" is up to date.
scons: Configure: The original builder output was:
  |clang++ -o .sconf_temp/conftest_3.o -c -march=native -mtune=native -O3 -funroll-loops -Wall -Winit-self -Woverloaded-virtual -Wsign-compare -fno-strict-aliasing -std=c++11 -Werror -Wno-array-bounds -Wno-unknown-pragmas -Wno-deprecated -DNDEBUG -I. -Ibuild/native/release -I. -I/opt/local/include -I/usr/local/include -I/usr/local/include .sconf_temp/conftest_3.cpp
  |
scons: Configure: ".sconf_temp/conftest_3" is up to date.
scons: Configure: The original builder output was:
  |clang++ -o .sconf_temp/conftest_3 .sconf_temp/conftest_3.o -Lbuild/native/release/lib -Llib -L/opt/local/lib -L/usr/local/lib -L/usr/local/lib -lboost_iostreams-mt -lboost_filesystem-mt -lboost_system-mt -lz -lbz2
  |
scons: Configure: (cached) yes


file /Users/Arjun/Desktop/Otherlab/sandbox/SConstruct,line 403:
	Configure(confdir = .sconf_temp)
scons: Configure: checking for ompl: 
scons: Configure: ".sconf_temp/conftest_4.cpp" is up to date.
scons: Configure: The original builder output was:
  |.sconf_temp/conftest_4.cpp <-
  |  |#include <ompl/config.h>
  |  |int main() {
  |  |  return 0;
  |  |}
  |  |
  |
scons: Configure: ".sconf_temp/conftest_4.o" is up to date.
scons: Configure: The original builder output was:
  |clang++ -o .sconf_temp/conftest_4.o -c -march=native -mtune=native -O3 -funroll-loops -Wall -Winit-self -Woverloaded-virtual -Wsign-compare -fno-strict-aliasing -std=c++11 -Werror -Wno-array-bounds -Wno-unknown-pragmas -Wno-deprecated -DNDEBUG -I. -Ibuild/native/release -I. -I/opt/local/include -I/usr/local/include -I/usr/local/include .sconf_temp/conftest_4.cpp
  |
scons: Configure: ".sconf_temp/conftest_4" is up to date.
scons: Configure: The original builder output was:
  |clang++ -o .sconf_temp/conftest_4 -Xlinker -reexport-lompl .sconf_temp/conftest_4.o -Lbuild/native/release/lib -Llib -L/opt/local/lib -L/usr/local/lib -L/usr/local/lib
  |
scons: Configure: (cached) yes


