Experiment KinematicChain
Running on Arjun-Bhargavas-MacBook-Pro.local
Starting at 2014-07-10T17:47:06.129205
<<<|
Properties of the state space 'CompoundSpace1'
  - signature: 14 0 6 2 1 2 1 2 1 2 1 2 1 2 1 
  - dimension: 6
  - extent: 18.8496
  - sanity checks for state space passed
  - probability of valid states: 0.509
  - average length of a valid motion: 0.481148
  - average number of samples drawn per second: sampleUniform()=8.84956e+06 sampleUniformNear()=4e+06 sampleGaussian()=1.71233e+06
Settings for the state space 'CompoundSpace1'
  - state validity check resolution: 1%
  - valid segment count factor: 1
  - state space:
Compound state space 'CompoundSpace1' of dimension 6 (locked) [
SO2 state space 'SO2Space2'
 of weight 1
SO2 state space 'SO2Space3'
 of weight 1
SO2 state space 'SO2Space4'
 of weight 1
SO2 state space 'SO2Space5'
 of weight 1
SO2 state space 'SO2Space6'
 of weight 1
SO2 state space 'SO2Space7'
 of weight 1
]
Registered projections:
  - <default>
Projection of dimension 2
Cell sizes (inferred by sampling): [0.482393 0.419859]

Declared parameters:
longest_valid_segment_fraction = 0.01
projection.cellsize.0 = 0.48239275027495127
projection.cellsize.1 = 0.41985941310375424
projection.cellsize_factor = 
valid_segment_count_factor = 1
Valid state sampler named uniform with parameters:
nr_attempts = 100
Start states:
Compound state [
SO2State [0]
SO2State [0.523599]
SO2State [0.523599]
SO2State [0.523599]
SO2State [0.523599]
SO2State [0.523599]
]
Goal state, threshold = 2.22045e-16, memory address = 0x7f8dc8c0ca80, state = 
Compound state [
SO2State [3.14059]
SO2State [0]
SO2State [0]
SO2State [0]
SO2State [0]
SO2State [0]
]
There are 0 solutions

Properties of benchmarked planners:
Planner STRIDE specs:
Multithreaded:                 No
Reports approximate solutions: Yes
Can optimize solutions:        No
Aware of the following parameters: degree estimated_dimension goal_bias max_degree max_pts_per_leaf min_degree min_valid_path_fraction range use_projected_distance
Planner EST specs:
Multithreaded:                 No
Reports approximate solutions: Yes
Can optimize solutions:        No
Aware of the following parameters: goal_bias range
Planner KPIECE1 specs:
Multithreaded:                 No
Reports approximate solutions: Yes
Can optimize solutions:        No
Aware of the following parameters: border_fraction failed_expansion_score_factor goal_bias min_valid_path_fraction range
Planner RRT specs:
Multithreaded:                 No
Reports approximate solutions: Yes
Can optimize solutions:        No
Aware of the following parameters: goal_bias range
Planner PRM specs:
Multithreaded:                 No
Reports approximate solutions: Yes
Can optimize solutions:        Yes
Aware of the following parameters: max_nearest_neighbors
|>>>
1678862490 is the random seed
7200 seconds per run
1024 MB per run
20 runs per planner
59.2629 seconds spent to collect the data
1 enum type
status|Unknown status|Invalid start|Invalid goal|Unrecognized goal type|Timeout|Approximate solution|Exact solution|Crash
5 planners
geometric_STRIDE
14 common properties
degree = 16
estimated_dimension = 6
goal_bias = 0.050000000000000003
longest_valid_segment_fraction = 0.01
max_degree = 18
max_pts_per_leaf = 6
min_degree = 12
min_valid_path_fraction = 0.20000000000000001
projection.cellsize.0 = 0.48239275027495127
projection.cellsize.1 = 0.41985941310375424
projection.cellsize_factor = 
range = 3.7699111843077517
use_projected_distance = 0
valid_segment_count_factor = 1
22 properties for each run
approximate solution BOOLEAN
correct solution BOOLEAN
correct solution strict BOOLEAN
graph motions INTEGER
graph states INTEGER
memory REAL
simplification time REAL
simplified correct solution BOOLEAN
simplified correct solution strict BOOLEAN
simplified solution clearance REAL
simplified solution length REAL
simplified solution segments INTEGER
simplified solution smoothness REAL
solution clearance REAL
solution difference REAL
solution length REAL
solution segments INTEGER
solution smoothness REAL
solved BOOLEAN
status ENUM
time REAL
valid segment fraction REAL
20 runs
0; 1; 1; 144; 145; 0.13671875; 0.0091090000000000008; 1; 1; 0; 2.5679858636449442; 64; 14017.63354594721; 0; 0; 4.4560709277233883; 11; 313.49356500456969; 1; 6; 0.272509; 0.68208092485549132; 
0; 1; 1; 360; 361; 0.265625; 0.0095999999999999992; 1; 1; 0; 3.9288673242652963; 48; 2606.2650708189244; 0; 0; 5.8183914283367342; 15; 369.72224694142744; 1; 6; 0.89154800000000001; 0.62612612612612617; 
0; 1; 1; 268; 269; 0.32421875; 0.0037729999999999999; 0; 0; 0; 2.2918573608294799; 24; 823.79858762391586; 0; 0; 4.0723316524614424; 11; 323.1275813924828; 1; 6; 0.94941500000000001; 0.58873239436619718; 
0; 1; 1; 842; 843; 0.421875; 0.0080339999999999995; 1; 1; 0; 4.7346443443340549; 40; 323.76034459690896; 0; 0; 8.7799989439618535; 22; 490.88679054839537; 1; 6; 2.8715480000000002; 0.68083003952569165; 
0; 1; 1; 891; 892; 0.6953125; 0.0061000000000000004; 1; 1; 0; 3.5737824565405365; 40; 2908.1613681954227; 0; 0; 8.3978888993246539; 25; 998.58052503800138; 1; 6; 3.1520199999999998; 0.60869565217391308; 
0; 1; 1; 139; 140; 0.73046875; 0.0046169999999999996; 1; 1; 0; 2.2880991768459724; 32; 2492.4716807394157; 0; 0; 3.4009608126287092; 9; 376.35395194990741; 1; 6; 0.39088400000000001; 0.61581920903954801; 
0; 1; 1; 859; 860; 0.73046875; 0.0047019999999999996; 1; 1; 0; 2.9403304445396214; 24; 147.11655754474666; 0; 0; 6.6844192897969901; 16; 292.01054266126192; 1; 6; 2.8163399999999998; 0.64905660377358487; 
0; 1; 1; 1104; 1105; 0.9140625; 0.0049059999999999998; 1; 1; 0; 3.2125206191902098; 32; 1462.6487087399721; 0; 0; 4.6199722378237666; 10; 179.21491238065056; 1; 6; 3.4686720000000002; 0.63238512035010941; 
0; 1; 1; 1307; 1308; 1.08984375; 0.003137; 0; 0; 0; 1.9319479226840983; 24; 1371.3244103165048; 0; 0; 2.889837345714712; 7; 214.82159313854177; 1; 6; 3.8593039999999998; 0.58676207513416812; 
0; 1; 1; 540; 541; 1.15625; 0.003748; 1; 1; 0; 3.5651342337276999; 24; 235.94553528620824; 0; 0; 6.3147656543142388; 17; 520.69674159635304; 1; 6; 1.375529; 0.60729312762973353; 
0; 1; 1; 514; 515; 1.15625; 0.006672; 1; 1; 0; 3.809986224543191; 40; 533.68421652658719; 0; 0; 10.00381084331398; 28; 852.51842505199284; 1; 6; 1.526548; 0.58569299552906107; 
0; 1; 1; 523; 524; 1.15625; 0.0045209999999999998; 1; 1; 0; 3.5052163968685184; 24; 175.54587458409159; 0; 0; 8.5012119300212738; 25; 829.68618949643894; 1; 6; 1.4624250000000001; 0.69801980198019797; 
0; 1; 1; 1145; 1146; 1.16015625; 0.0073990000000000002; 1; 1; 0; 3.8802112191394058; 48; 450.53431613031529; 0; 0; 8.0367272692104041; 22; 614.43992334369045; 1; 6; 3.135726; 0.64178082191780816; 
0; 1; 1; 393; 394; 1.3125; 0.0053229999999999996; 1; 1; 0; 3.2002473849994022; 32; 2804.160083442845; 0; 0; 5.5257179859954597; 17; 488.84629486918556; 1; 6; 1.0081899999999999; 0.64969450101832993; 
0; 1; 1; 1031; 1032; 1.3125; 0.007718; 1; 1; 0; 3.7771917440864224; 32; 847.20936712789194; 0; 0; 7.4570114856168441; 24; 631.45317584385248; 1; 6; 3.0379930000000002; 0.6168929110105581; 
0; 1; 1; 410; 411; 1.3359375; 0.0027299999999999998; 0; 0; 0; 2.4336217271231462; 6; 60.842849959337777; 0; 0; 3.5786386618389061; 9; 246.68271962322572; 1; 6; 0.96447400000000005; 0.55653710247349819; 
0; 1; 1; 841; 842; 1.3359375; 0.0071539999999999998; 1; 1; 0; 3.9902082151742597; 48; 3469.0843612098161; 0; 0; 8.6926686807599935; 24; 686.3867794570192; 1; 6; 2.3392590000000002; 0.60074626865671643; 
0; 1; 1; 83; 84; 1.3359375; 0.0032039999999999998; 0; 0; 0; 1.7285109947174286; 24; 1294.2347023164511; 0; 0; 3.2461865588437333; 7; 184.56683246635015; 1; 6; 0.11729100000000001; 0.6875; 
0; 1; 1; 1229; 1230; 1.3359375; 0.0039960000000000004; 1; 1; 0; 2.2512961244768381; 24; 437.68790593460761; 0; 0; 6.4775067861197604; 20; 769.00523200538123; 1; 6; 3.516124; 0.61488673139158578; 
0; 1; 1; 653; 654; 1.35546875; 0.0046709999999999998; 1; 1; 0; 3.4244356609327573; 32; 387.28024523199804; 0; 0; 5.5994015600719154; 15; 338.5061012895485; 1; 6; 1.7958430000000001; 0.63030303030303025; 
.
geometric_EST
7 common properties
goal_bias = 0.050000000000000003
longest_valid_segment_fraction = 0.01
projection.cellsize.0 = 0.48239275027495127
projection.cellsize.1 = 0.41985941310375424
projection.cellsize_factor = 
range = 3.7699111843077517
valid_segment_count_factor = 1
22 properties for each run
approximate solution BOOLEAN
correct solution BOOLEAN
correct solution strict BOOLEAN
graph motions INTEGER
graph states INTEGER
memory REAL
simplification time REAL
simplified correct solution BOOLEAN
simplified correct solution strict BOOLEAN
simplified solution clearance REAL
simplified solution length REAL
simplified solution segments INTEGER
simplified solution smoothness REAL
solution clearance REAL
solution difference REAL
solution length REAL
solution segments INTEGER
solution smoothness REAL
solved BOOLEAN
status ENUM
time REAL
valid segment fraction REAL
20 runs
0; 1; 1; 185; 186; 1.359375; 0.0055710000000000004; 1; 1; 0; 3.4038284700690022; 40; 1256.6405075544928; 0; 0; 5.4708044342113302; 15; 354.48078504269091; 1; 6; 0.023996; 0.68518518518518523; 
0; 1; 1; 768; 769; 1.359375; 0.001699; 1; 1; 0; 3.7589802993987975; 4; 9.4135014562600947; 0; 0; 5.7937251805078054; 16; 479.44680636513442; 1; 6; 0.091019000000000003; 0.68449197860962563; 
0; 1; 1; 692; 693; 1.359375; 0.004718; 1; 1; 0; 2.409249741948349; 32; 1183.0366923306881; 0; 0; 4.7391204680850816; 13; 370.06561349118249; 1; 6; 0.079455999999999999; 0.67578125; 
0; 1; 1; 382; 383; 1.359375; 0.0055399999999999998; 0; 0; 0; 3.3024685878520197; 40; 3741.7699693904019; 0; 0; 4.9881017716492888; 13; 339.47471681709612; 1; 6; 0.046031000000000002; 0.6131621187800963; 
0; 1; 1; 519; 520; 1.359375; 0.0034740000000000001; 1; 1; 0; 3.0169635497445553; 24; 164.42704108620495; 0; 0; 4.492961430653847; 11; 305.7216568045647; 1; 6; 0.061262999999999998; 0.68020969855832236; 
0; 1; 1; 408; 409; 1.359375; 0.0037799999999999999; 0; 0; 0; 1.6788907599397132; 24; 797.77806294711445; 0; 0; 4.033628875741698; 10; 219.87357199117383; 1; 6; 0.047299000000000001; 0.6974358974358974; 
0; 1; 1; 316; 317; 1.359375; 0.0090720000000000002; 0; 0; 0; 2.4708111733682898; 32; 2370.0921580975655; 0; 0; 4.3077229929770775; 13; 328.2712117367833; 1; 6; 0.036788000000000001; 0.63581488933601604; 
0; 1; 1; 335; 336; 1.359375; 0.006437; 1; 1; 0; 3.2311858176802306; 40; 1212.4575990440023; 0; 0; 4.9128039259923133; 12; 261.03160412543821; 1; 6; 0.041695000000000003; 0.62152133580705005; 
0; 1; 1; 161; 162; 1.359375; 0.0046350000000000002; 1; 1; 0; 2.7666096402345479; 32; 2558.1029350741301; 0; 0; 3.8089330135561643; 9; 181.2121963035892; 1; 6; 0.019557999999999999; 0.67083333333333328; 
0; 1; 1; 184; 185; 1.359375; 0.0034259999999999998; 1; 1; 0; 2.6524498850688119; 24; 332.2032229365438; 0; 0; 5.7471485939353482; 18; 877.92460432660539; 1; 6; 0.024556000000000001; 0.63230240549828176; 
0; 1; 1; 491; 492; 1.359375; 0.0079430000000000004; 1; 1; 0; 2.9101357578827201; 24; 176.97540783860188; 0; 0; 7.6406825188118148; 22; 692.53454762202909; 1; 6; 0.059894000000000003; 0.67911479944674968; 
0; 1; 1; 502; 503; 1.359375; 0.0053880000000000004; 1; 1; 0; 3.2255618963731014; 32; 428.44103060451187; 0; 0; 6.1062312191181638; 16; 329.97528245538052; 1; 6; 0.059811000000000003; 0.68485675306957705; 
0; 1; 1; 937; 938; 1.359375; 0.0063229999999999996; 1; 1; 0; 2.6655427198276969; 48; 3218.7936186900311; 0; 0; 5.3604959631907176; 14; 427.82590059705689; 1; 6; 0.107802; 0.67264895908111988; 
0; 1; 1; 1388; 1389; 1.359375; 0.0098410000000000008; 0; 0; 0; 3.1081345011277244; 40; 1438.5968413936521; 0; 0; 4.8407080062816865; 11; 208.06391616903093; 1; 6; 0.176203; 0.66475095785440608; 
0; 1; 1; 406; 407; 1.484375; 0.00877; 1; 1; 0; 4.18515030437203; 32; 882.32910341001661; 0; 0; 4.6889211808381237; 12; 183.82018087788873; 1; 6; 0.048013; 0.66557377049180333; 
0; 1; 1; 245; 246; 1.484375; 0.0060150000000000004; 1; 1; 0; 3.0082528192881024; 32; 746.06416910805956; 0; 0; 4.9637798967133602; 14; 332.65729864126365; 1; 6; 0.027725; 0.68245125348189417; 
0; 1; 1; 356; 357; 1.484375; 0.0038240000000000001; 0; 0; 0; 2.3421735046743071; 32; 1597.0194411283858; 0; 0; 3.5438603308005057; 9; 237.10231089442033; 1; 6; 0.042923999999999997; 0.70078740157480313; 
0; 1; 1; 1422; 1423; 1.484375; 0.010279; 1; 1; 0; 3.9964985010713581; 40; 517.88731666604815; 0; 0; 7.018373722752612; 19; 530.94876494768891; 1; 6; 0.168882; 0.68431183830606357; 
0; 1; 1; 825; 826; 1.52734375; 0.0057980000000000002; 1; 1; 0; 3.399532675294108; 40; 1418.2534581794134; 0; 0; 7.5996262572455295; 20; 778.5211006348743; 1; 6; 0.100215; 0.65841979249800475; 
0; 1; 1; 201; 202; 1.52734375; 0.0088870000000000008; 0; 0; 0; 2.5646224167225005; 48; 7428.2358926842962; 0; 0; 4.8668281799848678; 13; 405.19532136205748; 1; 6; 0.022993; 0.66556291390728473; 
.
geometric_KPIECE1
10 common properties
border_fraction = 0.90000000000000002
failed_expansion_score_factor = 0.5
goal_bias = 0.050000000000000003
longest_valid_segment_fraction = 0.01
min_valid_path_fraction = 0.20000000000000001
projection.cellsize.0 = 0.48239275027495127
projection.cellsize.1 = 0.41985941310375424
projection.cellsize_factor = 
range = 3.7699111843077517
valid_segment_count_factor = 1
22 properties for each run
approximate solution BOOLEAN
correct solution BOOLEAN
correct solution strict BOOLEAN
graph motions INTEGER
graph states INTEGER
memory REAL
simplification time REAL
simplified correct solution BOOLEAN
simplified correct solution strict BOOLEAN
simplified solution clearance REAL
simplified solution length REAL
simplified solution segments INTEGER
simplified solution smoothness REAL
solution clearance REAL
solution difference REAL
solution length REAL
solution segments INTEGER
solution smoothness REAL
solved BOOLEAN
status ENUM
time REAL
valid segment fraction REAL
20 runs
0; 1; 1; 208; 209; 1.5390625; 0.0064749999999999999; 1; 1; 0; 3.150615932939691; 40; 1604.7789977548991; 0; 0; 10.042266890531716; 30; 952.47044829631557; 1; 6; 0.024185999999999999; 0.57528957528957525; 
0; 1; 1; 372; 373; 1.5390625; 0.0060200000000000002; 1; 1; 0; 3.5968613620413556; 48; 695.81602973932752; 0; 0; 7.1985267201525716; 22; 903.44021097749089; 1; 6; 0.042098999999999998; 0.31672597864768681; 
0; 1; 1; 135; 136; 1.5390625; 0.0035739999999999999; 1; 1; 0; 3.957448266035601; 24; 196.3496270961675; 0; 0; 7.5749848887842646; 24; 1038.7081542299788; 1; 6; 0.015493; 0.40816326530612246; 
0; 1; 1; 696; 697; 1.5390625; 0.0029759999999999999; 1; 1; 0; 3.2523181832628874; 4; 10.428839483316787; 0; 0; 13.637851385254788; 44; 1865.5992839932633; 1; 6; 0.079673999999999995; 0.33545454545454545; 
0; 1; 1; 434; 435; 1.5390625; 0.005764; 1; 1; 0; 4.2669152017683816; 32; 452.10864220475696; 0; 0; 10.568025661248868; 35; 1274.290563034916; 1; 6; 0.044965999999999999; 0.43114754098360658; 
0; 1; 1; 342; 343; 1.5390625; 0.0048390000000000004; 1; 1; 0; 2.6376461114319047; 24; 585.23573971808855; 0; 0; 7.4141423588994613; 24; 1022.7769590188045; 1; 6; 0.040738999999999997; 0.42857142857142855; 
0; 1; 1; 42; 43; 1.5390625; 0.0037950000000000002; 1; 1; 0; 2.3162199613497374; 32; 978.95224708643173; 0; 0; 3.713736438205514; 10; 296.78900112954932; 1; 6; 0.0069329999999999999; 0.5; 
0; 1; 1; 130; 131; 1.5390625; 0.0052040000000000003; 1; 1; 0; 3.4934244880421623; 32; 596.3385210349926; 0; 0; 8.4987340639172206; 27; 1304.4468516326654; 1; 6; 0.014871000000000001; 0.4632768361581921; 
0; 1; 1; 217; 218; 1.5390625; 0.0055789999999999998; 1; 1; 0; 3.4902251617289011; 32; 1408.2697988321245; 0; 0; 11.21578401380952; 35; 1311.3400967663426; 1; 6; 0.027702000000000001; 0.52962962962962967; 
0; 1; 1; 534; 535; 1.5390625; 0.0064640000000000001; 1; 1; 0; 3.2222359784972445; 32; 1286.0982495581666; 0; 0; 9.5392192188643499; 31; 1266.3801578882565; 1; 6; 0.058375000000000003; 0.37142857142857144; 
0; 1; 1; 563; 564; 1.5390625; 0.0056639999999999998; 1; 1; 0; 4.596684488083751; 32; 275.16067871110499; 0; 0; 16.383802550166997; 57; 2410.2281720381243; 1; 6; 0.064300999999999997; 0.38507821901323708; 
0; 1; 1; 127; 128; 1.5390625; 0.0022859999999999998; 1; 1; 0; 3.0341946057686986; 4; 13.350720550274595; 0; 0; 8.4224829880566734; 27; 1213.8224461147659; 1; 6; 0.016936; 0.47560975609756095; 
0; 1; 1; 166; 167; 1.5390625; 0.0081939999999999999; 1; 1; 0; 4.764922838689654; 40; 398.12437723988592; 0; 0; 11.791019550288112; 38; 1926.1639741001152; 1; 6; 0.018360000000000001; 0.452914798206278; 
0; 1; 1; 77; 78; 1.5390625; 0.0054900000000000001; 1; 1; 0; 3.6930886565422876; 32; 797.03741472013655; 0; 0; 6.6359720400573918; 21; 545.05445745057978; 1; 6; 0.010033; 0.54455445544554459; 
0; 1; 1; 323; 324; 1.5390625; 0.0060939999999999996; 0; 0; 0; 2.9455818801546578; 40; 6577.4777237942462; 0; 0; 6.2129100510658199; 19; 761.03000196405776; 1; 6; 0.038647000000000001; 0.44700460829493088; 
0; 1; 1; 214; 215; 1.5390625; 0.0048719999999999996; 1; 1; 0; 2.6449036194228217; 24; 598.33268423499317; 0; 0; 10.832344194170171; 34; 1219.1416293189463; 1; 6; 0.026551999999999999; 0.40566037735849059; 
0; 1; 1; 134; 135; 1.5390625; 0.0055500000000000002; 0; 0; 0; 3.4409412868129592; 40; 1257.2708131560373; 0; 0; 5.7007325632872003; 19; 915.93291100869214; 1; 6; 0.014933; 0.52571428571428569; 
0; 1; 1; 727; 728; 1.5390625; 0.010782999999999999; 1; 1; 0; 4.9450469811236886; 40; 551.48038746564907; 0; 0; 12.381860335844557; 43; 2189.7296275015838; 1; 6; 0.080348000000000003; 0.37452471482889732; 
0; 1; 1; 275; 276; 1.5390625; 0.00579; 1; 1; 0; 3.5428771384535742; 32; 936.40888866353635; 0; 0; 9.4422867567019395; 31; 980.29037698724414; 1; 6; 0.030964999999999999; 0.38071065989847713; 
0; 1; 1; 155; 156; 1.5390625; 0.0036800000000000001; 1; 1; 0; 3.6864807266873552; 20; 409.19845261445005; 0; 0; 6.4682555637785599; 20; 721.95251431467523; 1; 6; 0.017350000000000001; 0.42081447963800905; 
.
geometric_RRT
7 common properties
goal_bias = 0.050000000000000003
longest_valid_segment_fraction = 0.01
projection.cellsize.0 = 0.48239275027495127
projection.cellsize.1 = 0.41985941310375424
projection.cellsize_factor = 
range = 3.7699111843077517
valid_segment_count_factor = 1
22 properties for each run
approximate solution BOOLEAN
correct solution BOOLEAN
correct solution strict BOOLEAN
graph motions INTEGER
graph states INTEGER
memory REAL
simplification time REAL
simplified correct solution BOOLEAN
simplified correct solution strict BOOLEAN
simplified solution clearance REAL
simplified solution length REAL
simplified solution segments INTEGER
simplified solution smoothness REAL
solution clearance REAL
solution difference REAL
solution length REAL
solution segments INTEGER
solution smoothness REAL
solved BOOLEAN
status ENUM
time REAL
valid segment fraction REAL
20 runs
0; 1; 1; 38; 39; 1.5546875; 0.0064609999999999997; 1; 1; 0; 4.1554830724195559; 40; 822.32245733542015; 0; 0; 8.305747858998382; 11; 50.303186841806642; 1; 6; 0.38162400000000002; 0.12101910828025478; 
0; 1; 1; 31; 32; 1.5546875; 0.0074970000000000002; 1; 1; 0; 3.9854088125408103; 32; 398.12237518468623; 0; 0; 5.6351308907670585; 7; 30.226611628358114; 1; 6; 0.28836200000000001; 0.12601626016260162; 
0; 1; 1; 22; 23; 1.5546875; 0.0050289999999999996; 1; 1; 0; 4.1088511778582122; 32; 261.48712395890738; 0; 0; 5.1726237423263246; 7; 27.375058193048346; 1; 6; 0.184279; 0.11055276381909548; 
0; 1; 1; 12; 13; 1.5546875; 0.0032160000000000001; 1; 1; 0; 3.3940954111663846; 24; 212.41492374720653; 0; 0; 4.2768562645589183; 5; 24.984627253791146; 1; 6; 0.057334999999999997; 0.094488188976377951; 
0; 1; 1; 29; 30; 1.5546875; 0.0012030000000000001; 1; 1; 0; 3.7114557456509512; 4; 9.2041030713009189; 0; 0; 5.4031050989402889; 6; 23.972670541456623; 1; 6; 0.18004000000000001; 0.18012422360248448; 
0; 1; 1; 12; 13; 1.5546875; 0.0035999999999999999; 1; 1; 0; 3.2585808499063065; 24; 165.80368358117892; 0; 0; 5.4497959026815188; 6; 19.718095090284308; 1; 6; 0.095883999999999997; 0.051948051948051951; 
0; 1; 1; 13; 14; 1.5546875; 0.00362; 1; 1; 0; 3.0315099779304098; 24; 262.18000550607559; 0; 0; 5.4345449366938015; 6; 15.541328988539792; 1; 6; 0.090226000000000001; 0.071428571428571425; 
0; 1; 1; 12; 13; 1.5546875; 0.0033019999999999998; 1; 1; 0; 3.5482285715240716; 24; 70.93465315905064; 0; 0; 4.0310763694547855; 4; 10.095128297539196; 1; 6; 0.060623999999999997; 0.068965517241379309; 
0; 1; 1; 63; 64; 1.57421875; 0.0045209999999999998; 1; 1; 0; 3.7632699349992071; 24; 90.759679550473749; 0; 0; 7.0117009323078072; 8; 27.252189423469112; 1; 6; 0.84820600000000002; 0.16622691292875991; 
0; 1; 1; 6; 7; 1.57421875; 0.005071; 1; 1; 0; 3.3079974344426524; 48; 897.04881974945624; 0; 0; 3.7591243014634275; 4; 14.219117818851238; 1; 6; 0.029076000000000001; 0.065217391304347824; 
0; 1; 1; 95; 96; 1.57421875; 0.0054409999999999997; 1; 1; 0; 4.5798281667861529; 40; 376.04143444182472; 0; 0; 5.4541026379446196; 7; 22.544350887538432; 1; 6; 1.915259; 0.17399267399267399; 
0; 1; 1; 63; 64; 1.57421875; 0.003705; 1; 1; 0; 3.7409652267072886; 24; 128.15915604909071; 0; 0; 5.6481048810266188; 8; 37.526709782609402; 1; 6; 0.96648500000000004; 0.11270125223613596; 
0; 1; 1; 20; 21; 1.57421875; 0.0057499999999999999; 1; 1; 0; 4.4392888381252433; 40; 664.94746016016188; 0; 0; 5.4277597502919743; 6; 17.779363621797327; 1; 6; 0.14540700000000001; 0.11695906432748537; 
0; 1; 1; 20; 21; 1.57421875; 0.0040829999999999998; 1; 1; 0; 3.9075736665998928; 32; 301.95916773645143; 0; 0; 4.1692567886406078; 5; 13.234746930324167; 1; 6; 0.28013100000000002; 0.053050397877984087; 
0; 1; 1; 18; 19; 1.57421875; 0.0039960000000000004; 1; 1; 0; 3.873525796442701; 32; 223.94821780380713; 0; 0; 4.1420796060681848; 5; 13.52570312342648; 1; 6; 0.116008; 0.11764705882352941; 
0; 1; 1; 58; 59; 1.57421875; 0.005195; 1; 1; 0; 4.902117009440202; 32; 223.74093999874114; 0; 0; 7.3980616455738275; 8; 21.914883750349187; 1; 6; 0.76289700000000005; 0.14499999999999999; 
0; 1; 1; 50; 51; 1.57421875; 0.0048430000000000001; 1; 1; 0; 4.3531690632814444; 32; 181.58985911167341; 0; 0; 5.9047467054543095; 7; 23.260242912120905; 1; 6; 0.87143400000000004; 0.065019505851755532; 
0; 1; 1; 33; 34; 1.57421875; 0.0042519999999999997; 1; 1; 0; 3.8091068727951414; 32; 211.39851023761477; 0; 0; 5.5525297727968503; 7; 24.093209545547431; 1; 6; 0.29059000000000001; 0.096491228070175433; 
0; 1; 1; 15; 16; 1.57421875; 0.0091800000000000007; 1; 1; 0; 3.3186154889983941; 24; 106.05410827655602; 0; 0; 3.3779284913055379; 4; 12.365295232875583; 1; 6; 0.042056000000000003; 0.20833333333333334; 
0; 1; 1; 28; 29; 1.57421875; 0.003346; 1; 1; 0; 3.232790443008267; 24; 122.2272513292688; 0; 0; 3.9753582149610542; 5; 19.746607812211732; 1; 6; 0.43043300000000001; 0.066985645933014357; 
.
geometric_PRM
6 common properties
longest_valid_segment_fraction = 0.01
max_nearest_neighbors = 
projection.cellsize.0 = 0.48239275027495127
projection.cellsize.1 = 0.41985941310375424
projection.cellsize_factor = 
valid_segment_count_factor = 1
22 properties for each run
approximate solution BOOLEAN
correct solution BOOLEAN
correct solution strict BOOLEAN
graph motions INTEGER
graph states INTEGER
memory REAL
simplification time REAL
simplified correct solution BOOLEAN
simplified correct solution strict BOOLEAN
simplified solution clearance REAL
simplified solution length REAL
simplified solution segments INTEGER
simplified solution smoothness REAL
solution clearance REAL
solution difference REAL
solution length REAL
solution segments INTEGER
solution smoothness REAL
solved BOOLEAN
status ENUM
time REAL
valid segment fraction REAL
20 runs
0; 1; 1; 83; 19; 1.6328125; 0.0046100000000000004; 1; 1; 0; 4.0740683046214912; 32; 463.49703322493713; 0; -1; 4.1445519891684572; 4; 10.520602850971761; 1; 6; 0.10019400000000001; 0.35172413793103446; 
0; 1; 1; 33; 11; 1.6328125; 0.0046589999999999999; 1; 1; 0; 5.4177510807558775; 32; 175.65372644644185; 0; -1; 5.1565173670599709; 4; 7.7978477553838701; 1; 6; 0.025742999999999999; 0.33846153846153848; 
0; 1; 1; 309; 47; 1.6328125; 0.0038639999999999998; 1; 1; 0; 3.6451409257174796; 24; 204.90027410184365; 0; -1; 3.7194264912654806; 4; 8.9148377527431872; 1; 6; 0.12912000000000001; 0.41882352941176471; 
0; 1; 1; 2154; 335; 1.6328125; 0.0034229999999999998; 1; 1; 0; 4.1619347322174747; 24; 211.96638575460133; 0; -1; 4.3351849848096364; 9; 4498.5871110209964; 1; 6; 3.1179389999999998; 0.43522012578616354; 
0; 1; 1; 375; 61; 1.640625; 0.0051219999999999998; 1; 1; 0; 3.2234328844874529; 48; 531.58767761033869; 0; -1; 3.1300246146096486; 4; 13.556615519501847; 1; 6; 0.22018699999999999; 0.38584070796460179; 
0; 1; 1; 768; 113; 1.640625; 0.0060060000000000001; 1; 1; 0; 5.7308555277693412; 32; 294.2340106530591; 0; -1; 7.0375166091314085; 7; 22.188494092208181; 1; 6; 0.50378100000000003; 0.43529411764705883; 
0; 1; 1; 119; 25; 1.640625; 0.0040239999999999998; 1; 1; 0; 3.4573012194906272; 32; 386.01926895970763; 0; -1; 3.8511930730368213; 4; 7.6456952404961802; 1; 6; 0.040069; 0.35121951219512193; 
0; 1; 1; 279; 45; 1.640625; 0.0064640000000000001; 1; 1; 0; 4.3590137307316512; 40; 896.24983492261367; 0; -1; 4.5138898601652677; 5; 18.560210692744135; 1; 6; 0.12562000000000001; 0.40000000000000002; 
0; 1; 1; 491; 73; 1.640625; 0.0054289999999999998; 1; 1; 0; 3.8982431296713291; 40; 550.26357775318945; 0; -1; 4.0131220773365692; 5; 23.613778930376359; 1; 6; 0.296987; 0.4116788321167883; 
0; 1; 1; 157; 33; 1.640625; 0.010071999999999999; 1; 1; 0; 3.8308109174131695; 24; 164.84328487424099; 0; -1; 3.5643115853145311; 3; 6.8086320141863936; 1; 6; 0.059247000000000001; 0.33333333333333331; 
0; 1; 1; 1447; 220; 1.640625; 0.0076949999999999996; 1; 1; 0; 4.2377473210614971; 64; 1715.4592332620086; 0; -1; 4.4390131998974152; 6; 19.819364884569072; 1; 6; 1.8991; 0.44303030303030305; 
0; 1; 1; 88; 16; 1.640625; 0.0032590000000000002; 1; 1; 0; 3.400829604194449; 24; 249.50877503115072; 0; -1; 3.1449264493214386; 3; 7.6439129683959468; 1; 6; 0.074536000000000005; 0.45217391304347826; 
0; 1; 1; 211; 35; 1.640625; 0.0043109999999999997; 1; 1; 0; 3.3858224094453706; 32; 252.98824544434095; 0; -1; 3.091161527075438; 4; 12.689150462860855; 1; 6; 0.073038000000000006; 0.40327868852459015; 
0; 1; 1; 70; 18; 1.640625; 0.003313; 1; 1; 0; 3.5263221826656812; 24; 139.40065226665951; 0; -1; 4.2761025868329989; 4; 9.5954667995655285; 1; 6; 0.021108999999999999; 0.32592592592592595; 
0; 1; 1; 292; 48; 1.640625; 0.0090299999999999998; 1; 1; 0; 3.1905525018507288; 24; 253.09099464180593; 0; -1; 4.1911853060596718; 5; 14.96510957276339; 1; 6; 0.145622; 0.39080459770114945; 
0; 1; 1; 290; 44; 1.640625; 0.0047149999999999996; 1; 1; 0; 4.3096922804438833; 32; 324.86222625687361; 0; -1; 5.2801352713480858; 5; 11.91636635988845; 1; 6; 0.11575299999999999; 0.42278481012658226; 
0; 1; 1; 231; 43; 1.640625; 0.0032539999999999999; 1; 1; 0; 3.4392208918307134; 24; 155.53681444426346; 0; -1; 4.3660135939654863; 4; 8.6911357199786945; 1; 6; 0.13075600000000001; 0.35584415584415585; 
0; 1; 1; 347; 53; 1.640625; 0.003666; 1; 1; 0; 3.3828687421142489; 24; 157.80178322570924; 0; -1; 4.1208771319400022; 4; 10.504985805571057; 1; 6; 0.17024600000000001; 0.41237113402061853; 
0; 1; 1; 152; 30; 1.640625; 0.0061089999999999998; 1; 1; 0; 4.3265497854169404; 32; 377.86935897708355; 0; -1; 3.9394602398354048; 4; 8.9297208453921826; 1; 6; 0.053369; 0.35686274509803922; 
0; 1; 1; 145; 25; 1.640625; 0.0043880000000000004; 1; 1; 0; 4.3261037344982656; 32; 225.26929354770425; 0; -1; 4.2174111864274124; 4; 7.8021513631577797; 1; 6; 0.043326000000000003; 0.41463414634146339; 
.
